/home/kliem/FY25/cpyquaticus/cpyq/lib/python3.10/site-packages/tyro/_fields.py:330: UserWarning: The field wandb_entity is annotated with type <class 'str'>, but the default value None has type <class 'NoneType'>. We'll try to handle this gracefully, but it may cause unexpected behavior.
  warnings.warn(
/home/kliem/FY25/cpyquaticus/cpyq/lib/python3.10/site-packages/tyro/_fields.py:330: UserWarning: The field target_kl is annotated with type <class 'float'>, but the default value None has type <class 'NoneType'>. We'll try to handle this gracefully, but it may cause unexpected behavior.
  warnings.warn(
/home/kliem/FY25/cpyquaticus/Cpyquaticus/cpyquaticus/envs/train2.py:229: UserWarning: To copy construct from a tensor, it is recommended to use sourceTensor.clone().detach() or sourceTensor.clone().detach().requires_grad_(True), rather than torch.tensor(sourceTensor).
  vals.append(torch.tensor(value.flatten()))
Iteration:  1
Iteration:  2
Iteration:  3
Iteration:  4
Iteration:  5
Iteration:  6
Iteration:  7
Iteration:  8
Iteration:  9
Iteration:  10
Iteration:  11
Iteration:  12
Iteration:  13
Iteration:  14
Iteration:  15
Iteration:  16
Iteration:  17
Iteration:  18
Iteration:  19
Iteration:  20
Iteration:  21
Iteration:  22
Iteration:  23
Iteration:  24
Iteration:  25
Iteration:  26
Iteration:  27
Iteration:  28
Iteration:  29
Iteration:  30
Iteration:  31
Iteration:  32
Iteration:  33
Iteration:  34
Iteration:  35
Iteration:  36
Iteration:  37
Iteration:  38
Iteration:  39
Iteration:  40
Iteration:  41
